<?xml version="1.0" encoding="utf-8"?><testsuites name="pytest tests"><testsuite name="pytest" errors="0" failures="0" skipped="0" tests="12" time="1.387" timestamp="2026-06-16T09:46:20.512052+00:00" hostname="agent-env-5df512bc-8654-478c-9ecc-e242d3916679"><testcase classname="backend.tests.test_email_auth.TestRegister" name="test_register_success_returns_user_and_token_and_cookie" time="0.292" /><testcase classname="backend.tests.test_email_auth.TestRegister" name="test_register_invalid_email_returns_400" time="0.045" /><testcase classname="backend.tests.test_email_auth.TestRegister" name="test_register_invalid_email_no_tld_returns_400" time="0.046" /><testcase classname="backend.tests.test_email_auth.TestRegister" name="test_register_short_password_returns_400" time="0.044" /><testcase classname="backend.tests.test_email_auth.TestRegister" name="test_register_duplicate_email_returns_409" time="0.087" /><testcase classname="backend.tests.test_email_auth.TestEmailLogin" name="test_email_login_success" time="0.046" /><testcase classname="backend.tests.test_email_auth.TestEmailLogin" name="test_email_login_wrong_password_returns_401" time="0.042" /><testcase classname="backend.tests.test_email_auth.TestEmailLogin" name="test_email_login_nonexistent_email_returns_401" time="0.082" /><testcase classname="backend.tests.test_email_auth.TestMeAndLogout" name="test_me_with_bearer_token_returns_current_user" time="0.148" /><testcase classname="backend.tests.test_email_auth.TestMeAndLogout" name="test_logout_invalidates_session" time="0.263" /><testcase classname="backend.tests.test_email_auth.TestAdminLoginRegression" name="test_admin_login_seeded_admin_succeeds" time="0.044" /><testcase classname="backend.tests.test_email_auth.TestAdminLoginRegression" name="test_admin_login_non_dequad_email_returns_403" time="0.044" /></testsuite></testsuites>