<?xml version="1.0" encoding="utf-8"?><testsuites name="pytest tests"><testsuite name="pytest" errors="0" failures="1" skipped="0" tests="5" time="12.715" timestamp="2026-08-18T12:16:35.924317+00:00" hostname="agent-env-5df512bc-8654-478c-9ecc-e242d3916679"><testcase classname="tests.test_matching_features" name="test_normal_like_increments_weekly_counter_and_status" time="8.474" /><testcase classname="tests.test_matching_features" name="test_non_reciprocal_like_at_weekly_limit_is_structured_403" time="0.292" /><testcase classname="tests.test_matching_features" name="test_reciprocal_like_under_limit_reports_unchanged_budget" time="0.571"><failure message="assert 1 == 2">tests/test_matching_features.py:209: in test_reciprocal_like_under_limit_reports_unchanged_budget
    assert body["remaining_likes_this_week"] == 2
E   assert 1 == 2</failure></testcase><testcase classname="tests.test_matching_features" name="test_dislike_at_weekly_limit_succeeds_without_increment" time="1.230" /><testcase classname="tests.test_matching_features" name="test_reciprocal_like_at_limit_creates_mutual_match_without_increment" time="1.970" /></testsuite></testsuites>