<?xml version="1.0" encoding="utf-8"?><testsuites name="pytest tests"><testsuite name="pytest" errors="11" failures="39" skipped="24" tests="193" time="130.411" timestamp="2026-08-26T09:00:06.020713+00:00" hostname="agent-env-5df512bc-8654-478c-9ecc-e242d3916679"><testcase classname="tests.backend_test" name="test_low_mood_creates_identified_alert" time="2.088" /><testcase classname="tests.backend_test" name="test_normal_mood_does_not_create_low_mood_alert" time="1.610" /><testcase classname="tests.backend_test" name="test_low_feedback_creates_anonymous_alert" time="0.101" /><testcase classname="tests.backend_test" name="test_normal_feedback_does_not_create_low_rating_alert" time="0.048" /><testcase classname="tests.backend_test" name="test_acknowledge_new_alerts" time="0.138" /><testcase classname="tests.backend_test" name="test_growth_analytics_shape" time="0.067" /><testcase classname="tests.backend_test" name="test_feedback_export_unfiltered_and_filtered" time="0.111" /><testcase classname="tests.backend_test" name="test_student_mood_and_feedback_histories" time="0.106" /><testcase classname="tests.backend_test" name="test_student_login_sets_secure_httponly_cookie" time="0.316" /><testcase classname="tests.backend_test" name="test_password_hash_is_bcrypt" time="0.001" /><testcase classname="tests.backend_test" name="test_admin_login_sets_secure_httponly_cookie" time="0.563"><failure message="AssertionError: assert 'session_token=' in '__cf_bm=npm4bhzmuaibqpx7xiptgl94et2igqhu6zqaepvsc_s-1787734810.8786204-1.0.1.1-xdmo5ptcl5ytzeui6ivuod7tvtfgmfuy0piro6...sjz6; httponly; samesite=none; secure; path=/; domain=preview.emergentagent.com; expires=wed, 26 aug 2026 09:30:11 gmt'">E   AssertionError: assert 'session_token=' in '__cf_bm=npm4bhzmuaibqpx7xiptgl94et2igqhu6zqaepvsc_s-1787734810.8786204-1.0.1.1-xdmo5ptcl5ytzeui6ivuod7tvtfgmfuy0piro6...sjz6; httponly; samesite=none; secure; path=/; domain=preview.emergentagent.com; expires=wed, 26 aug 2026 09:30:11 gmt'</failure></testcase><testcase classname="tests.backend_test" name="test_cors_uses_explicit_allowed_origin" time="0.360"><failure message="AssertionError: assert '*' == 'https://revi...gentagent.com'&#10;  &#10;  - https://review-extractor-2.preview.emergentagent.com&#10;  + *">E   AssertionError: assert '*' == 'https://revi...gentagent.com'
      
      - https://review-extractor-2.preview.emergentagent.com
      + *</failure></testcase><testcase classname="tests.backend_test" name="test_bruteforce_lockout_after_five_failures" time="0.671"><failure message="AssertionError: Expected lockout after 5 failures, got statuses [401, 401, 401, 401, 401, 401]&#10;assert 401 == 429">E   AssertionError: Expected lockout after 5 failures, got statuses [401, 401, 401, 401, 401, 401]
    assert 401 == 429</failure></testcase><testcase classname="tests.test_account_deletion" name="test_delete_account_returns_success_with_cascade_counts" time="2.510" /><testcase classname="tests.test_account_deletion" name="test_login_fails_after_delete" time="1.926" /><testcase classname="tests.test_account_deletion" name="test_delete_requires_auth" time="0.140" /><testcase classname="tests.test_discover_refresh" name="test_refresh_brings_back_skipped_profile" time="0.914" /><testcase classname="tests.test_email_auth.TestRegister" name="test_register_success_returns_user_and_token_and_cookie" time="0.481"><failure message="AssertionError: assert (False)&#10; +  where False = isinstance(None, str)&#10; +    where None = &lt;built-in method get of dict object at 0xf89f3b0dbbc0&gt;('session_token')&#10; +      where &lt;built-in method get of dict object at 0xf89f3b0dbbc0&gt; = {'email_verification_required': True, 'email_verification_sent': True, 'user': {'created_at': '2026-08-26T09:00:18.213034+00:00', 'email': 'test_reg_1787734817_0d341b@student.leeds.ac.uk', 'email_verified': False, 'interests': [], ...}}.get">E   AssertionError: assert (False)
     +  where False = isinstance(None, str)
     +    where None = &lt;built-in method get of dict object at 0xf89f3b0dbbc0&gt;('session_token')
     +      where &lt;built-in method get of dict object at 0xf89f3b0dbbc0&gt; = {'email_verification_required': True, 'email_verification_sent': True, 'user': {'created_at': '2026-08-26T09:00:18.213034+00:00', 'email': 'test_reg_1787734817_0d341b@student.leeds.ac.uk', 'email_verified': False, 'interests': [], ...}}.get</failure></testcase><testcase classname="tests.test_email_auth.TestRegister" name="test_register_invalid_email_returns_400" time="0.077" /><testcase classname="tests.test_email_auth.TestRegister" name="test_register_invalid_email_no_tld_returns_400" time="0.064" /><testcase classname="tests.test_email_auth.TestRegister" name="test_register_short_password_returns_400" time="0.061" /><testcase classname="tests.test_email_auth.TestRegister" name="test_register_duplicate_email_returns_409" time="0.066"><error message="failed on setup with &quot;AssertionError: Register failed: 429 {&quot;detail&quot;:&quot;Too many requests. Please try again later.&quot;}&#10;assert 429 == 200&#10; +  where 429 = &lt;Response [429]&gt;.status_code&quot;">E   AssertionError: Register failed: 429 {"detail":"Too many requests. Please try again later."}
    assert 429 == 200
     +  where 429 = &lt;Response [429]&gt;.status_code</error></testcase><testcase classname="tests.test_email_auth.TestEmailLogin" name="test_email_login_success" time="0.000"><error message="failed on setup with &quot;AssertionError: Register failed: 429 {&quot;detail&quot;:&quot;Too many requests. Please try again later.&quot;}&#10;assert 429 == 200&#10; +  where 429 = &lt;Response [429]&gt;.status_code&quot;">E   AssertionError: Register failed: 429 {"detail":"Too many requests. Please try again later."}
    assert 429 == 200
     +  where 429 = &lt;Response [429]&gt;.status_code</error></testcase><testcase classname="tests.test_email_auth.TestEmailLogin" name="test_email_login_wrong_password_returns_401" time="0.000"><error message="failed on setup with &quot;AssertionError: Register failed: 429 {&quot;detail&quot;:&quot;Too many requests. Please try again later.&quot;}&#10;assert 429 == 200&#10; +  where 429 = &lt;Response [429]&gt;.status_code&quot;">E   AssertionError: Register failed: 429 {"detail":"Too many requests. Please try again later."}
    assert 429 == 200
     +  where 429 = &lt;Response [429]&gt;.status_code</error></testcase><testcase classname="tests.test_email_auth.TestEmailLogin" name="test_email_login_nonexistent_email_returns_401" time="0.056"><failure message="AssertionError: {&quot;detail&quot;:&quot;Too many requests. Please try again later.&quot;}&#10;assert 429 == 401&#10; +  where 429 = &lt;Response [429]&gt;.status_code">E   AssertionError: {"detail":"Too many requests. Please try again later."}
    assert 429 == 401
     +  where 429 = &lt;Response [429]&gt;.status_code</failure></testcase><testcase classname="tests.test_email_auth.TestMeAndLogout" name="test_me_with_bearer_token_returns_current_user" time="0.000"><error message="failed on setup with &quot;AssertionError: Register failed: 429 {&quot;detail&quot;:&quot;Too many requests. Please try again later.&quot;}&#10;assert 429 == 200&#10; +  where 429 = &lt;Response [429]&gt;.status_code&quot;">E   AssertionError: Register failed: 429 {"detail":"Too many requests. Please try again later."}
    assert 429 == 200
     +  where 429 = &lt;Response [429]&gt;.status_code</error></testcase><testcase classname="tests.test_email_auth.TestMeAndLogout" name="test_logout_invalidates_session" time="0.000"><error message="failed on setup with &quot;AssertionError: Register failed: 429 {&quot;detail&quot;:&quot;Too many requests. Please try again later.&quot;}&#10;assert 429 == 200&#10; +  where 429 = &lt;Response [429]&gt;.status_code&quot;">E   AssertionError: Register failed: 429 {"detail":"Too many requests. Please try again later."}
    assert 429 == 200
     +  where 429 = &lt;Response [429]&gt;.status_code</error></testcase><testcase classname="tests.test_email_auth.TestAdminLoginRegression" name="test_admin_login_seeded_admin_succeeds" time="0.078"><failure message="AssertionError: {&quot;detail&quot;:&quot;Too many requests. Please try again later.&quot;}&#10;assert 429 == 200&#10; +  where 429 = &lt;Response [429]&gt;.status_code">E   AssertionError: {"detail":"Too many requests. Please try again later."}
    assert 429 == 200
     +  where 429 = &lt;Response [429]&gt;.status_code</failure></testcase><testcase classname="tests.test_email_auth.TestAdminLoginRegression" name="test_admin_login_non_dequad_email_returns_403" time="0.054"><failure message="AssertionError: {&quot;detail&quot;:&quot;Too many requests. Please try again later.&quot;}&#10;assert 429 == 403&#10; +  where 429 = &lt;Response [429]&gt;.status_code">E   AssertionError: {"detail":"Too many requests. Please try again later."}
    assert 429 == 403
     +  where 429 = &lt;Response [429]&gt;.status_code</failure></testcase><testcase classname="tests.test_email_verification" name="test_register_does_not_issue_session" time="0.853"><failure message="AssertionError: {&quot;detail&quot;:&quot;Too many requests. Please try again later.&quot;}&#10;assert 429 == 200&#10; +  where 429 = &lt;Response [429]&gt;.status_code">E   AssertionError: {"detail":"Too many requests. Please try again later."}
    assert 429 == 200
     +  where 429 = &lt;Response [429]&gt;.status_code</failure></testcase><testcase classname="tests.test_email_verification" name="test_login_blocked_until_verified" time="0.952"><failure message="AssertionError: {&quot;detail&quot;:&quot;Too many requests. Please try again later.&quot;}&#10;assert 429 == 403&#10; +  where 429 = &lt;Response [429]&gt;.status_code">E   AssertionError: {"detail":"Too many requests. Please try again later."}
    assert 429 == 403
     +  where 429 = &lt;Response [429]&gt;.status_code</failure></testcase><testcase classname="tests.test_email_verification" name="test_wrong_otp_decrements_attempts" time="1.000"><failure message="assert 429 == 401&#10; +  where 429 = &lt;Response [429]&gt;.status_code">E   assert 429 == 401
     +  where 429 = &lt;Response [429]&gt;.status_code</failure></testcase><testcase classname="tests.test_email_verification" name="test_correct_otp_verifies_and_unlocks_login" time="4.844"><failure message="AssertionError: Could not extract OTP for otp.95c080a048@student.leeds.ac.uk from backend logs">E   AssertionError: Could not extract OTP for otp.95c080a048@student.leeds.ac.uk from backend logs</failure></testcase><testcase classname="tests.test_email_verification" name="test_seeded_demo_account_does_not_require_verification" time="0.138"><failure message="AssertionError: {&quot;detail&quot;:&quot;Too many requests. Please try again later.&quot;}&#10;assert 429 == 200&#10; +  where 429 = &lt;Response [429]&gt;.status_code">E   AssertionError: {"detail":"Too many requests. Please try again later."}
    assert 429 == 200
     +  where 429 = &lt;Response [429]&gt;.status_code</failure></testcase><testcase classname="tests.test_language_filter.TestLanguageFilter" name="test_health_check" time="0.134"><skipped type="pytest.skip" message="Admin login failed - skipping authenticated tests">/app/backend/tests/test_language_filter.py:36: Admin login failed - skipping authenticated tests</skipped></testcase><testcase classname="tests.test_language_filter.TestLanguageFilter" name="test_admin_login_works" time="0.105"><skipped type="pytest.skip" message="Admin login failed - skipping authenticated tests">/app/backend/tests/test_language_filter.py:44: Admin login failed - skipping authenticated tests</skipped></testcase><testcase classname="tests.test_language_filter.TestLanguageFilter" name="test_university_admin_login_works" time="0.090"><skipped type="pytest.skip" message="Admin login failed - skipping authenticated tests">/app/backend/tests/test_language_filter.py:57: Admin login failed - skipping authenticated tests</skipped></testcase><testcase classname="tests.test_language_filter.TestLanguageFilter" name="test_admin_stats_endpoint" time="0.122"><skipped type="pytest.skip" message="Admin login failed - skipping authenticated tests">/app/backend/tests/test_language_filter.py:69: Admin login failed - skipping authenticated tests</skipped></testcase><testcase classname="tests.test_language_filter.TestChatLanguageFilter" name="test_language_filter_function_clean_message" time="1.824" /><testcase classname="tests.test_language_filter.TestChatLanguageFilter" name="test_language_filter_function_profanity" time="0.000" /><testcase classname="tests.test_language_filter.TestChatLanguageFilter" name="test_language_filter_function_racist_n_word" time="0.000" /><testcase classname="tests.test_language_filter.TestChatLanguageFilter" name="test_language_filter_function_white_power" time="0.000" /><testcase classname="tests.test_language_filter.TestChatLanguageFilter" name="test_language_filter_function_mixed_case" time="0.000" /><testcase classname="tests.test_language_filter.TestChatLanguageFilter" name="test_language_filter_function_leet_speak" time="0.000" /><testcase classname="tests.test_language_filter.TestChatLanguageFilter" name="test_language_filter_function_empty_string" time="0.000" /><testcase classname="tests.test_language_filter.TestChatLanguageFilter" name="test_language_filter_function_none" time="0.000" /><testcase classname="tests.test_language_filter.TestDemoChatData" name="test_demo_chat_messages_exist" time="0.004" /><testcase classname="tests.test_language_filter.TestDemoChatData" name="test_demo_matches_exist" time="0.001"><failure message="RuntimeError: Event loop is closed">E   RuntimeError: Event loop is closed</failure></testcase><testcase classname="tests.test_language_filter.TestDemoChatData" name="test_chat_messages_have_correct_structure" time="0.000"><failure message="RuntimeError: Event loop is closed">E   RuntimeError: Event loop is closed</failure></testcase><testcase classname="tests.test_lazy_migration_admin_edge" name="test_admin_login_lazy_migrates_admin_password_when_both_hashes_present" time="0.672" /><testcase classname="tests.test_location_filter" name="test_save_and_clear_location" time="0.741" /><testcase classname="tests.test_location_filter" name="test_invalid_coords_rejected" time="0.132" /><testcase classname="tests.test_location_filter" name="test_distance_filter_returns_distance_km_and_orders_nearest_first" time="0.245" /><testcase classname="tests.test_location_filter" name="test_distance_filter_falls_back_when_user_has_no_location" time="0.188" /><testcase classname="tests.test_location_filter" name="test_distance_filter_requires_auth" time="0.092" /><testcase classname="tests.test_logout_and_wellbeing.TestHealthAndBasics" name="test_health_endpoint" time="0.121" /><testcase classname="tests.test_logout_and_wellbeing.TestSuperAdminLogout" name="test_super_admin_full_logout_flow" time="0.105"><failure message="AssertionError: Login failed: {&quot;detail&quot;:&quot;Admin sign-in is restricted to @dequad.com email addresses.&quot;}&#10;assert 403 == 200&#10; +  where 403 = &lt;Response [403]&gt;.status_code">E   AssertionError: Login failed: {"detail":"Admin sign-in is restricted to @dequad.com email addresses."}
    assert 403 == 200
     +  where 403 = &lt;Response [403]&gt;.status_code</failure></testcase><testcase classname="tests.test_logout_and_wellbeing.TestUniversityAdminLogout" name="test_university_admin_full_logout_flow" time="0.740" /><testcase classname="tests.test_logout_and_wellbeing.TestWellbeingResources" name="test_wellbeing_resources_endpoint" time="0.100" /><testcase classname="tests.test_logout_and_wellbeing.TestAdminStatsStillWork" name="test_admin_stats_endpoint" time="0.111"><failure message="assert 403 == 200&#10; +  where 403 = &lt;Response [403]&gt;.status_code">E   assert 403 == 200
     +  where 403 = &lt;Response [403]&gt;.status_code</failure></testcase><testcase classname="tests.test_logout_and_wellbeing.TestAdminStatsStillWork" name="test_university_admin_stats_endpoint" time="0.557" /><testcase classname="tests.test_matching_features" name="test_normal_like_increments_weekly_counter_and_status" time="2.540" /><testcase classname="tests.test_matching_features" name="test_non_reciprocal_like_at_weekly_limit_is_structured_403" time="0.108" /><testcase classname="tests.test_matching_features" name="test_reciprocal_like_under_limit_reports_unchanged_budget" time="0.343" /><testcase classname="tests.test_matching_features" name="test_dislike_at_weekly_limit_succeeds_without_increment" time="0.097" /><testcase classname="tests.test_matching_features" name="test_reciprocal_like_at_limit_creates_mutual_match_without_increment" time="0.353" /><testcase classname="tests.test_password_reset.TestStudentResetFlow" name="test_forgot_password_creates_student_reset_record" time="0.721" /><testcase classname="tests.test_password_reset.TestStudentResetFlow" name="test_verify_reset_token_valid" time="0.055" /><testcase classname="tests.test_password_reset.TestStudentResetFlow" name="test_verify_reset_token_invalid_returns_400" time="0.055" /><testcase classname="tests.test_password_reset.TestStudentResetFlow" name="test_reset_password_short_returns_400" time="0.062" /><testcase classname="tests.test_password_reset.TestStudentResetFlow" name="test_reset_password_updates_password_hash_not_admin_password" time="0.277"><failure message="AssertionError: password_hash was not updated&#10;assert '$2b$12$BahpY...DI6S0T3ukrPVq' == '913a43b6c0f8...7df06aa1e758c'&#10;  &#10;  - 913a43b6c0f89307eb8b446ccf7c2948ee43f02da680879ead67df06aa1e758c&#10;  + $2b$12$BahpYnn7XtUZAhLv3vwM4uF0rHlhodJDJC7XOAqDDI6S0T3ukrPVq">E   AssertionError: password_hash was not updated
    assert '$2b$12$BahpY...DI6S0T3ukrPVq' == '913a43b6c0f8...7df06aa1e758c'
      
      - 913a43b6c0f89307eb8b446ccf7c2948ee43f02da680879ead67df06aa1e758c
      + $2b$12$BahpYnn7XtUZAhLv3vwM4uF0rHlhodJDJC7XOAqDDI6S0T3ukrPVq</failure></testcase><testcase classname="tests.test_password_reset.TestStudentResetFlow" name="test_email_login_works_with_new_password" time="0.291"><failure message="AssertionError: {&quot;detail&quot;:&quot;Please verify your university email before signing in. We've just sent a fresh 6-digit code to your inbox.&quot;}&#10;assert 403 == 200&#10; +  where 403 = &lt;Response [403]&gt;.status_code">E   AssertionError: {"detail":"Please verify your university email before signing in. We've just sent a fresh 6-digit code to your inbox."}
    assert 403 == 200
     +  where 403 = &lt;Response [403]&gt;.status_code</failure></testcase><testcase classname="tests.test_password_reset.TestStudentResetFlow" name="test_email_login_old_password_rejected" time="0.281" /><testcase classname="tests.test_password_reset.TestStudentResetFlow" name="test_reset_token_cannot_be_reused" time="0.127" /><testcase classname="tests.test_password_reset.TestForgotPasswordEnumeration" name="test_non_existent_email_returns_generic_message" time="0.060" /><testcase classname="tests.test_password_reset.TestForgotPasswordEnumeration" name="test_google_only_user_returns_generic_message_and_no_record" time="0.064" /><testcase classname="tests.test_password_reset.TestForgotPasswordEnumeration" name="test_existing_student_returns_same_generic_message" time="0.790" /><testcase classname="tests.test_password_reset.TestAdminResetRegression" name="test_admin_forgot_password_creates_admin_role_record" time="0.215" /><testcase classname="tests.test_password_reset.TestAdminResetRegression" name="test_admin_reset_password_updates_admin_password_field" time="0.351"><failure message="AssertionError: admin_password was not updated on admin reset&#10;assert '$2b$12$Fi1GV...9vV0ctpvkouNe' == 'c833211f6ca7...d16db2e2857bd'&#10;  &#10;  - c833211f6ca70e71510e09c73eb1ddcd7ce41569c50ef97da23d16db2e2857bd&#10;  + $2b$12$Fi1GVn7qVm5.oSDsfK72GeEHzFJkz2ZrSU/MS8Fc9vV0ctpvkouNe">E   AssertionError: admin_password was not updated on admin reset
    assert '$2b$12$Fi1GV...9vV0ctpvkouNe' == 'c833211f6ca7...d16db2e2857bd'
      
      - c833211f6ca70e71510e09c73eb1ddcd7ce41569c50ef97da23d16db2e2857bd
      + $2b$12$Fi1GVn7qVm5.oSDsfK72GeEHzFJkz2ZrSU/MS8Fc9vV0ctpvkouNe</failure></testcase><testcase classname="tests.test_password_reset.TestAdminResetRegression" name="test_admin_login_succeeds_with_new_password" time="0.276" /><testcase classname="tests.test_password_reset.TestAdminResetRegression" name="test_admin_login_old_password_rejected" time="71.558" /><testcase classname="tests.test_password_reset.TestAdminResetRegression" name="test_restore_admin_password_via_admin_code" time="0.784"><failure message="AssertionError: assert '$2b$12$/DM/G...fS/z/PthQL8KS' == '5b1b153aca61...30502cccab13c'&#10;  &#10;  - 5b1b153aca617197249aee9632a92eec304405d434eb12a058f30502cccab13c&#10;  + $2b$12$/DM/GbdZAQ86p4o5SO1knuVNd3dMkhLVq3s0yNC6fS/z/PthQL8KS">E   AssertionError: assert '$2b$12$/DM/G...fS/z/PthQL8KS' == '5b1b153aca61...30502cccab13c'
      
      - 5b1b153aca617197249aee9632a92eec304405d434eb12a058f30502cccab13c
      + $2b$12$/DM/GbdZAQ86p4o5SO1knuVNd3dMkhLVq3s0yNC6fS/z/PthQL8KS</failure></testcase><testcase classname="tests.test_refactored_backend.TestCoreRoutes" name="test_root_endpoint" time="0.166" /><testcase classname="tests.test_refactored_backend.TestCoreRoutes" name="test_health_endpoint" time="0.095" /><testcase classname="tests.test_refactored_backend.TestCoreRoutes" name="test_download_presentation" time="0.109" /><testcase classname="tests.test_refactored_backend.TestAdminAuth" name="test_admin_login_success" time="0.000"><skipped type="pytest.skip" message="SEED_ADMIN_EMAIL/SEED_ADMIN_PASSWORD not set in environment">/app/backend/tests/test_refactored_backend.py:72: SEED_ADMIN_EMAIL/SEED_ADMIN_PASSWORD not set in environment</skipped></testcase><testcase classname="tests.test_refactored_backend.TestAdminAuth" name="test_admin_login_invalid_credentials" time="0.000"><skipped type="pytest.skip" message="SEED_ADMIN_EMAIL/SEED_ADMIN_PASSWORD not set in environment">/app/backend/tests/test_refactored_backend.py:89: SEED_ADMIN_EMAIL/SEED_ADMIN_PASSWORD not set in environment</skipped></testcase><testcase classname="tests.test_refactored_backend.TestUniversityAdminAuth" name="test_university_admin_login_success" time="0.002"><skipped type="pytest.skip" message="SEED_UNI_ADMIN_PASSWORD not set in environment">/app/backend/tests/test_refactored_backend.py:106: SEED_UNI_ADMIN_PASSWORD not set in environment</skipped></testcase><testcase classname="tests.test_refactored_backend.TestUniversityAdminAuth" name="test_university_admin_login_invalid_credentials" time="0.000"><skipped type="pytest.skip" message="SEED_UNI_ADMIN_PASSWORD not set in environment">/app/backend/tests/test_refactored_backend.py:123: SEED_UNI_ADMIN_PASSWORD not set in environment</skipped></testcase><testcase classname="tests.test_refactored_backend.TestAdminEndpoints" name="test_admin_stats" time="0.000"><skipped type="pytest.skip" message="SEED_ADMIN_EMAIL/SEED_ADMIN_PASSWORD not set in environment">/app/backend/tests/test_refactored_backend.py:150: SEED_ADMIN_EMAIL/SEED_ADMIN_PASSWORD not set in environment</skipped></testcase><testcase classname="tests.test_refactored_backend.TestAdminEndpoints" name="test_admin_stats_requires_auth" time="0.000"><skipped type="pytest.skip" message="SEED_ADMIN_EMAIL/SEED_ADMIN_PASSWORD not set in environment">/app/backend/tests/test_refactored_backend.py:168: SEED_ADMIN_EMAIL/SEED_ADMIN_PASSWORD not set in environment</skipped></testcase><testcase classname="tests.test_refactored_backend.TestAdminEndpoints" name="test_admin_users" time="0.000"><skipped type="pytest.skip" message="SEED_ADMIN_EMAIL/SEED_ADMIN_PASSWORD not set in environment">/app/backend/tests/test_refactored_backend.py:174: SEED_ADMIN_EMAIL/SEED_ADMIN_PASSWORD not set in environment</skipped></testcase><testcase classname="tests.test_refactored_backend.TestAdminEndpoints" name="test_admin_safeguarding_alerts" time="0.000"><skipped type="pytest.skip" message="SEED_ADMIN_EMAIL/SEED_ADMIN_PASSWORD not set in environment">/app/backend/tests/test_refactored_backend.py:191: SEED_ADMIN_EMAIL/SEED_ADMIN_PASSWORD not set in environment</skipped></testcase><testcase classname="tests.test_refactored_backend.TestAdminEndpoints" name="test_admin_universities" time="0.000"><skipped type="pytest.skip" message="SEED_ADMIN_EMAIL/SEED_ADMIN_PASSWORD not set in environment">/app/backend/tests/test_refactored_backend.py:207: SEED_ADMIN_EMAIL/SEED_ADMIN_PASSWORD not set in environment</skipped></testcase><testcase classname="tests.test_refactored_backend.TestUniversityAdminEndpoints" name="test_university_admin_stats" time="0.000"><skipped type="pytest.skip" message="SEED_UNI_ADMIN_PASSWORD not set in environment">/app/backend/tests/test_refactored_backend.py:243: SEED_UNI_ADMIN_PASSWORD not set in environment</skipped></testcase><testcase classname="tests.test_refactored_backend.TestUniversityAdminEndpoints" name="test_university_admin_stats_requires_auth" time="0.000"><skipped type="pytest.skip" message="SEED_UNI_ADMIN_PASSWORD not set in environment">/app/backend/tests/test_refactored_backend.py:259: SEED_UNI_ADMIN_PASSWORD not set in environment</skipped></testcase><testcase classname="tests.test_refactored_backend.TestUniversityAdminEndpoints" name="test_university_admin_students" time="0.000"><skipped type="pytest.skip" message="SEED_UNI_ADMIN_PASSWORD not set in environment">/app/backend/tests/test_refactored_backend.py:265: SEED_UNI_ADMIN_PASSWORD not set in environment</skipped></testcase><testcase classname="tests.test_refactored_backend.TestUniversityAdminEndpoints" name="test_university_admin_students_requires_auth" time="0.000"><skipped type="pytest.skip" message="SEED_UNI_ADMIN_PASSWORD not set in environment">/app/backend/tests/test_refactored_backend.py:282: SEED_UNI_ADMIN_PASSWORD not set in environment</skipped></testcase><testcase classname="tests.test_refactored_backend.TestSubscriptionEndpoints" name="test_subscription_status_requires_auth" time="0.120" /><testcase classname="tests.test_reports_support.TestAuthSanity" name="test_emma_auth_me" time="0.097" /><testcase classname="tests.test_reports_support.TestAuthSanity" name="test_no_auth_blocks_reports" time="0.139" /><testcase classname="tests.test_reports_support.TestReports" name="test_create_report_success" time="0.136" /><testcase classname="tests.test_reports_support.TestReports" name="test_create_report_self_blocked" time="0.108" /><testcase classname="tests.test_reports_support.TestReports" name="test_create_report_racism_blocked" time="0.102" /><testcase classname="tests.test_reports_support.TestReports" name="test_create_report_duplicate_blocked" time="0.144" /><testcase classname="tests.test_reports_support.TestReports" name="test_get_my_reports" time="0.098" /><testcase classname="tests.test_reports_support.TestReports" name="test_admin_reports_list" time="0.000"><skipped type="pytest.skip" message="SEED_ADMIN_EMAIL/SEED_ADMIN_PASSWORD not set in environment">/app/backend/tests/test_reports_support.py:161: SEED_ADMIN_EMAIL/SEED_ADMIN_PASSWORD not set in environment</skipped></testcase><testcase classname="tests.test_reports_support.TestLanguageFilter" name="test_profile_bio_racism_blocked" time="0.117" /><testcase classname="tests.test_reports_support.TestLanguageFilter" name="test_profile_bio_clean_passes" time="0.105" /><testcase classname="tests.test_reports_support.TestLanguageFilter" name="test_swipe_comment_profanity_blocked" time="0.093" /><testcase classname="tests.test_reports_support.TestLanguageFilter" name="test_swipe_comment_racism_blocked" time="0.123" /><testcase classname="tests.test_reports_support.TestSupport" name="test_send_message_success" time="1.120" /><testcase classname="tests.test_reports_support.TestSupport" name="test_send_message_empty_blocked" time="0.100" /><testcase classname="tests.test_reports_support.TestSupport" name="test_send_message_profanity_blocked" time="0.120" /><testcase classname="tests.test_reports_support.TestSupport" name="test_send_message_racism_blocked" time="0.095" /><testcase classname="tests.test_reports_support.TestSupport" name="test_send_message_safeguarding" time="2.834" /><testcase classname="tests.test_reports_support.TestSupport" name="test_get_my_messages" time="0.122" /><testcase classname="tests.test_reports_support.TestSupport" name="test_admin_list_conversations" time="0.000"><skipped type="pytest.skip" message="SEED_ADMIN_EMAIL/SEED_ADMIN_PASSWORD not set in environment">/app/backend/tests/test_reports_support.py:265: SEED_ADMIN_EMAIL/SEED_ADMIN_PASSWORD not set in environment</skipped></testcase><testcase classname="tests.test_reports_support.TestSupport" name="test_admin_get_messages" time="0.000"><skipped type="pytest.skip" message="SEED_ADMIN_EMAIL/SEED_ADMIN_PASSWORD not set in environment">/app/backend/tests/test_reports_support.py:278: SEED_ADMIN_EMAIL/SEED_ADMIN_PASSWORD not set in environment</skipped></testcase><testcase classname="tests.test_reports_support.TestSupport" name="test_admin_reply_success" time="0.000"><skipped type="pytest.skip" message="SEED_ADMIN_EMAIL/SEED_ADMIN_PASSWORD not set in environment">/app/backend/tests/test_reports_support.py:284: SEED_ADMIN_EMAIL/SEED_ADMIN_PASSWORD not set in environment</skipped></testcase><testcase classname="tests.test_reports_support.TestSupport" name="test_admin_reply_racism_blocked" time="0.000"><skipped type="pytest.skip" message="SEED_ADMIN_EMAIL/SEED_ADMIN_PASSWORD not set in environment">/app/backend/tests/test_reports_support.py:297: SEED_ADMIN_EMAIL/SEED_ADMIN_PASSWORD not set in environment</skipped></testcase><testcase classname="tests.test_reports_support.TestRegression" name="test_matches_discover" time="0.109" /><testcase classname="tests.test_reports_support.TestRegression" name="test_swipe_clean_comment" time="0.105" /><testcase classname="tests.test_safari_cors_and_distance_edges" name="test_login_returns_200_from_dequad_origin" time="0.315" /><testcase classname="tests.test_safari_cors_and_distance_edges" name="test_no_allow_credentials_true_header" time="0.000" /><testcase classname="tests.test_safari_cors_and_distance_edges" name="test_preflight_options_email_login_ok" time="0.069" /><testcase classname="tests.test_safari_cors_and_distance_edges" name="test_auth_me_with_bearer" time="0.142" /><testcase classname="tests.test_safari_cors_and_distance_edges" name="test_max_distance_km_zero_falls_back" time="0.251" /><testcase classname="tests.test_safari_cors_and_distance_edges" name="test_distance_filter_combined_with_gender_filter" time="0.200" /><testcase classname="tests.test_safari_cors_and_distance_edges" name="test_multiple_sequential_distance_requests_consistent" time="0.327" /><testcase classname="tests.test_safari_cors_and_distance_edges" name="test_discover_without_distance_still_works" time="0.146" /><testcase classname="tests.test_safari_cors_and_distance_edges" name="test_accepted_and_likes_received_count" time="0.242" /><testcase classname="tests.test_security_hardening" name="test_discover_does_not_leak_pii" time="0.445" /><testcase classname="tests.test_security_hardening" name="test_accepted_matches_do_not_leak_pii" time="0.456" /><testcase classname="tests.test_security_hardening" name="test_likes_received_does_not_leak_pii" time="0.423" /><testcase classname="tests.test_security_hardening" name="test_login_response_never_returns_password_hash" time="0.343" /><testcase classname="tests.test_security_hardening" name="test_lazy_migration_login_still_works_after_second_call" time="0.675" /><testcase classname="tests.test_security_hardening" name="test_query_string_token_rejected_on_non_download_endpoint" time="0.538" /><testcase classname="tests.test_security_hardening" name="test_language_filter_blocks_slur_in_chat" time="0.514" /><testcase classname="tests.test_security_hardening" name="test_security_headers_present_on_json_endpoint" time="0.152" /><testcase classname="tests.test_security_hardening" name="test_hsts_header_present" time="0.094" /><testcase classname="tests.test_security_hardening" name="test_cors_response_does_not_include_credentials_true" time="0.350" /><testcase classname="tests.test_security_hardening" name="test_admin_analytics_student_does_not_leak_pii" time="0.793" /><testcase classname="tests.test_security_hardening" name="test_distance_km_is_integer_kilometres" time="0.598" /><testcase classname="tests.test_security_hardening" name="test_sec001_admin_login_with_env_seeded_password" time="0.546" /><testcase classname="tests.test_security_hardening" name="test_admin_users_endpoint_does_not_leak_hashes" time="0.656" /><testcase classname="tests.test_security_hardening" name="test_admin_pending_verifications_does_not_leak_hashes" time="0.694" /><testcase classname="tests.test_security_hardening" name="test_admin_university_admins_does_not_leak_hashes" time="0.669" /><testcase classname="tests.test_security_hardening" name="test_admin_analytics_student_does_not_leak_hashes" time="0.855" /><testcase classname="tests.test_security_hardening" name="test_admin_ai_risk_analysis_does_not_leak_hashes" time="2.436" /><testcase classname="tests.test_security_hardening" name="test_sec004_csv_export_still_accepts_query_string_token" time="0.758" /><testcase classname="tests.test_staff_demo_login" name="test_allowed_demo_login_succeeds[Yusuff.Adeagbo@dequad.com-Yusuff Adeagbo-YusuffAdeagbo11@]" time="0.320" /><testcase classname="tests.test_staff_demo_login" name="test_allowed_demo_login_succeeds[Gerald.Marfo@dequad.com-Dr Gerald Marfo-DequadStaff2026!]" time="0.326" /><testcase classname="tests.test_staff_demo_login" name="test_allowed_demo_login_succeeds[Chinyere.Jennifer@dequad.com-Chinyere Jennifer-DequadStaff2026!]" time="0.316" /><testcase classname="tests.test_staff_demo_login" name="test_allowed_demo_login_succeeds[yusufquadri83@gmail.com-Yusuf Quadri-Oluwatobi11@]" time="0.348" /><testcase classname="tests.test_staff_demo_login" name="test_blocked_account_login_rejected[Adedapo.Ajuwon@dequad.com-DequadStaff2026!]" time="0.107" /><testcase classname="tests.test_staff_demo_login" name="test_blocked_account_login_rejected[yusuff@dequad.com-DequadStaff2026!]" time="0.099" /><testcase classname="tests.test_staff_demo_login" name="test_blocked_account_login_rejected[gerald@dequad.com-DequadStaff2026!]" time="0.114" /><testcase classname="tests.test_staff_demo_login" name="test_blocked_account_login_rejected[dapo@dequad.com-DequadStaff2026!]" time="0.122" /><testcase classname="tests.test_staff_demo_login" name="test_blocked_account_login_rejected[chinyere@dequad.com-DequadStaff2026!]" time="0.106" /><testcase classname="tests.test_staff_demo_login" name="test_staff_demo_login_wrong_password_rejected" time="0.322" /><testcase classname="tests.test_staff_demo_login" name="test_register_blocks_dequad_dot_com" time="0.094" /><testcase classname="tests.test_uk_student_email_policy.TestNonAcademicRejected" name="test_gmail_rejected_with_403" time="0.099"><failure message="AssertionError: {&quot;detail&quot;:&quot;Too many requests. Please try again later.&quot;}&#10;assert 429 == 403&#10; +  where 429 = &lt;Response [429 Too Many Requests]&gt;.status_code">E   AssertionError: {"detail":"Too many requests. Please try again later."}
    assert 429 == 403
     +  where 429 = &lt;Response [429 Too Many Requests]&gt;.status_code</failure></testcase><testcase classname="tests.test_uk_student_email_policy.TestStaffPatternsBlocked" name="test_staff_subdomain_and_localpart_blocked[name@staff.kcl.ac.uk]" time="0.042"><failure message="AssertionError: name_1787734934_f2f8@staff.kcl.ac.uk: {&quot;detail&quot;:&quot;Too many requests. Please try again later.&quot;}&#10;assert 429 == 403&#10; +  where 429 = &lt;Response [429 Too Many Requests]&gt;.status_code">E   AssertionError: name_1787734934_f2f8@staff.kcl.ac.uk: {"detail":"Too many requests. Please try again later."}
    assert 429 == 403
     +  where 429 = &lt;Response [429 Too Many Requests]&gt;.status_code</failure></testcase><testcase classname="tests.test_uk_student_email_policy.TestStaffPatternsBlocked" name="test_staff_subdomain_and_localpart_blocked[name@admin.ucl.ac.uk]" time="0.041"><failure message="AssertionError: name_1787734934_5f42@admin.ucl.ac.uk: {&quot;detail&quot;:&quot;Too many requests. Please try again later.&quot;}&#10;assert 429 == 403&#10; +  where 429 = &lt;Response [429 Too Many Requests]&gt;.status_code">E   AssertionError: name_1787734934_5f42@admin.ucl.ac.uk: {"detail":"Too many requests. Please try again later."}
    assert 429 == 403
     +  where 429 = &lt;Response [429 Too Many Requests]&gt;.status_code</failure></testcase><testcase classname="tests.test_uk_student_email_policy.TestStaffPatternsBlocked" name="test_staff_subdomain_and_localpart_blocked[name@faculty.ox.ac.uk]" time="0.061"><failure message="AssertionError: name_1787734934_2360@faculty.ox.ac.uk: {&quot;detail&quot;:&quot;Too many requests. Please try again later.&quot;}&#10;assert 429 == 403&#10; +  where 429 = &lt;Response [429 Too Many Requests]&gt;.status_code">E   AssertionError: name_1787734934_2360@faculty.ox.ac.uk: {"detail":"Too many requests. Please try again later."}
    assert 429 == 403
     +  where 429 = &lt;Response [429 Too Many Requests]&gt;.status_code</failure></testcase><testcase classname="tests.test_uk_student_email_policy.TestStaffPatternsBlocked" name="test_staff_subdomain_and_localpart_blocked[name@alumni.cam.ac.uk]" time="0.042"><failure message="AssertionError: name_1787734934_07f2@alumni.cam.ac.uk: {&quot;detail&quot;:&quot;Too many requests. Please try again later.&quot;}&#10;assert 429 == 403&#10; +  where 429 = &lt;Response [429 Too Many Requests]&gt;.status_code">E   AssertionError: name_1787734934_07f2@alumni.cam.ac.uk: {"detail":"Too many requests. Please try again later."}
    assert 429 == 403
     +  where 429 = &lt;Response [429 Too Many Requests]&gt;.status_code</failure></testcase><testcase classname="tests.test_uk_student_email_policy.TestStaffPatternsBlocked" name="test_staff_subdomain_and_localpart_blocked[staff-jane@ucl.ac.uk]" time="0.050"><failure message="AssertionError: staff-jane_1787734934_3d8d@ucl.ac.uk: {&quot;detail&quot;:&quot;Too many requests. Please try again later.&quot;}&#10;assert 429 == 403&#10; +  where 429 = &lt;Response [429 Too Many Requests]&gt;.status_code">E   AssertionError: staff-jane_1787734934_3d8d@ucl.ac.uk: {"detail":"Too many requests. Please try again later."}
    assert 429 == 403
     +  where 429 = &lt;Response [429 Too Many Requests]&gt;.status_code</failure></testcase><testcase classname="tests.test_uk_student_email_policy.TestStaffPatternsBlocked" name="test_staff_subdomain_and_localpart_blocked[admin.bob@kcl.ac.uk]" time="0.044"><failure message="AssertionError: admin.bob_1787734934_d66f@kcl.ac.uk: {&quot;detail&quot;:&quot;Too many requests. Please try again later.&quot;}&#10;assert 429 == 403&#10; +  where 429 = &lt;Response [429 Too Many Requests]&gt;.status_code">E   AssertionError: admin.bob_1787734934_d66f@kcl.ac.uk: {"detail":"Too many requests. Please try again later."}
    assert 429 == 403
     +  where 429 = &lt;Response [429 Too Many Requests]&gt;.status_code</failure></testcase><testcase classname="tests.test_uk_student_email_policy.TestStudentSubdomainAutoApproved" name="test_student_subdomain_passes_without_attestation[student.leeds.ac.uk]" time="0.041"><failure message="AssertionError: {&quot;detail&quot;:&quot;Too many requests. Please try again later.&quot;}&#10;assert 429 == 200&#10; +  where 429 = &lt;Response [429 Too Many Requests]&gt;.status_code">E   AssertionError: {"detail":"Too many requests. Please try again later."}
    assert 429 == 200
     +  where 429 = &lt;Response [429 Too Many Requests]&gt;.status_code</failure></testcase><testcase classname="tests.test_uk_student_email_policy.TestStudentSubdomainAutoApproved" name="test_student_subdomain_passes_without_attestation[students.bham.ac.uk]" time="0.043"><failure message="AssertionError: {&quot;detail&quot;:&quot;Too many requests. Please try again later.&quot;}&#10;assert 429 == 200&#10; +  where 429 = &lt;Response [429 Too Many Requests]&gt;.status_code">E   AssertionError: {"detail":"Too many requests. Please try again later."}
    assert 429 == 200
     +  where 429 = &lt;Response [429 Too Many Requests]&gt;.status_code</failure></testcase><testcase classname="tests.test_uk_student_email_policy.TestStudentSubdomainAutoApproved" name="test_student_subdomain_passes_without_attestation[live.warwick.ac.uk]" time="0.040"><failure message="AssertionError: {&quot;detail&quot;:&quot;Too many requests. Please try again later.&quot;}&#10;assert 429 == 200&#10; +  where 429 = &lt;Response [429 Too Many Requests]&gt;.status_code">E   AssertionError: {"detail":"Too many requests. Please try again later."}
    assert 429 == 200
     +  where 429 = &lt;Response [429 Too Many Requests]&gt;.status_code</failure></testcase><testcase classname="tests.test_uk_student_email_policy.TestStudentSubdomainAutoApproved" name="test_student_subdomain_passes_without_attestation[sms.ed.ac.uk]" time="0.044"><failure message="AssertionError: {&quot;detail&quot;:&quot;Too many requests. Please try again later.&quot;}&#10;assert 429 == 200&#10; +  where 429 = &lt;Response [429 Too Many Requests]&gt;.status_code">E   AssertionError: {"detail":"Too many requests. Please try again later."}
    assert 429 == 200
     +  where 429 = &lt;Response [429 Too Many Requests]&gt;.status_code</failure></testcase><testcase classname="tests.test_uk_student_email_policy.TestStudentSubdomainAutoApproved" name="test_student_subdomain_passes_without_attestation[stu.example.ac.uk]" time="0.040"><failure message="AssertionError: {&quot;detail&quot;:&quot;Too many requests. Please try again later.&quot;}&#10;assert 429 == 200&#10; +  where 429 = &lt;Response [429 Too Many Requests]&gt;.status_code">E   AssertionError: {"detail":"Too many requests. Please try again later."}
    assert 429 == 200
     +  where 429 = &lt;Response [429 Too Many Requests]&gt;.status_code</failure></testcase><testcase classname="tests.test_uk_student_email_policy.TestStudentSubdomainAutoApproved" name="test_student_subdomain_passes_without_attestation[my.westminster.ac.uk]" time="0.047"><failure message="AssertionError: {&quot;detail&quot;:&quot;Too many requests. Please try again later.&quot;}&#10;assert 429 == 200&#10; +  where 429 = &lt;Response [429 Too Many Requests]&gt;.status_code">E   AssertionError: {"detail":"Too many requests. Please try again later."}
    assert 429 == 200
     +  where 429 = &lt;Response [429 Too Many Requests]&gt;.status_code</failure></testcase><testcase classname="tests.test_uk_student_email_policy.TestBareAcUkRequiresAttestation" name="test_bare_ac_uk_without_attestation_returns_400" time="0.043"><failure message="AssertionError: {&quot;detail&quot;:&quot;Too many requests. Please try again later.&quot;}&#10;assert 429 == 400&#10; +  where 429 = &lt;Response [429 Too Many Requests]&gt;.status_code">E   AssertionError: {"detail":"Too many requests. Please try again later."}
    assert 429 == 400
     +  where 429 = &lt;Response [429 Too Many Requests]&gt;.status_code</failure></testcase><testcase classname="tests.test_uk_student_email_policy.TestBareAcUkRequiresAttestation" name="test_bare_ac_uk_with_attestation_passes_and_flags_self_declared" time="0.042"><failure message="AssertionError: {&quot;detail&quot;:&quot;Too many requests. Please try again later.&quot;}&#10;assert 429 == 200&#10; +  where 429 = &lt;Response [429 Too Many Requests]&gt;.status_code">E   AssertionError: {"detail":"Too many requests. Please try again later."}
    assert 429 == 200
     +  where 429 = &lt;Response [429 Too Many Requests]&gt;.status_code</failure></testcase><testcase classname="tests.test_university_admin.TestUniversityPricing" name="test_get_pricing_returns_correct_structure" time="0.119"><failure message="AssertionError: Expected 200, got 404: {&quot;detail&quot;:&quot;Not Found&quot;}&#10;assert 404 == 200&#10; +  where 404 = &lt;Response [404]&gt;.status_code">E   AssertionError: Expected 200, got 404: {"detail":"Not Found"}
    assert 404 == 200
     +  where 404 = &lt;Response [404]&gt;.status_code</failure></testcase><testcase classname="tests.test_university_admin.TestUniversitySubscribe" name="test_subscribe_creates_checkout_session" time="0.122"><failure message="AssertionError: Expected 200, got 404: {&quot;detail&quot;:&quot;Not Found&quot;}&#10;assert 404 == 200&#10; +  where 404 = &lt;Response [404]&gt;.status_code">E   AssertionError: Expected 200, got 404: {"detail":"Not Found"}
    assert 404 == 200
     +  where 404 = &lt;Response [404]&gt;.status_code</failure></testcase><testcase classname="tests.test_university_admin.TestUniversitySubscribe" name="test_subscribe_rejects_duplicate_university" time="0.109" /><testcase classname="tests.test_university_admin.TestUniversityAdminLogin" name="test_login_with_valid_credentials" time="0.104"><failure message="Failed: Unexpected status code: 429: {&quot;detail&quot;:&quot;Too many requests. Please try again later.&quot;}">E   Failed: Unexpected status code: 429: {"detail":"Too many requests. Please try again later."}</failure></testcase><testcase classname="tests.test_university_admin.TestUniversityAdminLogin" name="test_login_with_invalid_credentials" time="0.134"><failure message="AssertionError: Expected 401, got 429&#10;assert 429 == 401&#10; +  where 429 = &lt;Response [429]&gt;.status_code">E   AssertionError: Expected 401, got 429
    assert 429 == 401
     +  where 429 = &lt;Response [429]&gt;.status_code</failure></testcase><testcase classname="tests.test_university_admin.TestUniversityAdminStats" name="test_stats_returns_university_data" time="0.090"><skipped type="pytest.skip" message="University admin not available">/app/backend/tests/test_university_admin.py:159: University admin not available</skipped></testcase><testcase classname="tests.test_university_admin.TestUniversityAdminStats" name="test_stats_requires_authentication" time="0.129" /><testcase classname="tests.test_university_admin.TestUniversityAdminStudents" name="test_students_returns_list" time="0.122"><skipped type="pytest.skip" message="University admin not available">/app/backend/tests/test_university_admin.py:202: University admin not available</skipped></testcase><testcase classname="tests.test_university_admin.TestUniversityAdminStudents" name="test_students_requires_authentication" time="0.092" /><testcase classname="tests.test_verification_queue.TestListEndpoint" name="test_list_returns_count_and_users" time="0.098"><error message="failed on setup with &quot;AssertionError: {&quot;detail&quot;:&quot;Too many requests. Please try again later.&quot;}&#10;assert 429 == 200&#10; +  where 429 = &lt;Response [429 Too Many Requests]&gt;.status_code&quot;">E   AssertionError: {"detail":"Too many requests. Please try again later."}
    assert 429 == 200
     +  where 429 = &lt;Response [429 Too Many Requests]&gt;.status_code</error></testcase><testcase classname="tests.test_verification_queue.TestListEndpoint" name="test_list_requires_admin_auth" time="0.046" /><testcase classname="tests.test_verification_queue.TestApprove" name="test_approve_moves_user_out_of_queue" time="0.000"><error message="failed on setup with &quot;AssertionError: {&quot;detail&quot;:&quot;Too many requests. Please try again later.&quot;}&#10;assert 429 == 200&#10; +  where 429 = &lt;Response [429 Too Many Requests]&gt;.status_code&quot;">E   AssertionError: {"detail":"Too many requests. Please try again later."}
    assert 429 == 200
     +  where 429 = &lt;Response [429 Too Many Requests]&gt;.status_code</error></testcase><testcase classname="tests.test_verification_queue.TestApprove" name="test_approve_twice_returns_404" time="0.000"><error message="failed on setup with &quot;AssertionError: {&quot;detail&quot;:&quot;Too many requests. Please try again later.&quot;}&#10;assert 429 == 200&#10; +  where 429 = &lt;Response [429 Too Many Requests]&gt;.status_code&quot;">E   AssertionError: {"detail":"Too many requests. Please try again later."}
    assert 429 == 200
     +  where 429 = &lt;Response [429 Too Many Requests]&gt;.status_code</error></testcase><testcase classname="tests.test_verification_queue.TestApprove" name="test_approve_unknown_user_returns_404" time="0.000"><error message="failed on setup with &quot;AssertionError: {&quot;detail&quot;:&quot;Too many requests. Please try again later.&quot;}&#10;assert 429 == 200&#10; +  where 429 = &lt;Response [429 Too Many Requests]&gt;.status_code&quot;">E   AssertionError: {"detail":"Too many requests. Please try again later."}
    assert 429 == 200
     +  where 429 = &lt;Response [429 Too Many Requests]&gt;.status_code</error></testcase><testcase classname="tests.test_verification_queue.TestReject" name="test_reject_deletes_account_and_revokes_login" time="0.000"><error message="failed on setup with &quot;AssertionError: {&quot;detail&quot;:&quot;Too many requests. Please try again later.&quot;}&#10;assert 429 == 200&#10; +  where 429 = &lt;Response [429 Too Many Requests]&gt;.status_code&quot;">E   AssertionError: {"detail":"Too many requests. Please try again later."}
    assert 429 == 200
     +  where 429 = &lt;Response [429 Too Many Requests]&gt;.status_code</error></testcase><testcase classname="tests.test_verification_queue.TestReject" name="test_cannot_reject_already_processed" time="0.007"><error message="failed on setup with &quot;AssertionError: {&quot;detail&quot;:&quot;Too many requests. Please try again later.&quot;}&#10;assert 429 == 200&#10; +  where 429 = &lt;Response [429 Too Many Requests]&gt;.status_code&quot;">E   AssertionError: {"detail":"Too many requests. Please try again later."}
    assert 429 == 200
     +  where 429 = &lt;Response [429 Too Many Requests]&gt;.status_code</error></testcase></testsuite></testsuites>