<?xml version="1.0" encoding="utf-8"?><testsuites name="pytest tests"><testsuite name="pytest" errors="0" failures="0" skipped="0" tests="14" time="3.166" timestamp="2026-07-15T11:10:14.137441+00:00" hostname="agent-env-5df512bc-8654-478c-9ecc-e242d3916679"><testcase classname="tests.test_safari_cors_and_distance_edges" name="test_login_returns_200_from_dequad_origin" time="0.141" /><testcase classname="tests.test_safari_cors_and_distance_edges" name="test_no_allow_credentials_true_header" time="0.000" /><testcase classname="tests.test_safari_cors_and_distance_edges" name="test_preflight_options_email_login_ok" time="0.069" /><testcase classname="tests.test_safari_cors_and_distance_edges" name="test_auth_me_with_bearer" time="0.109" /><testcase classname="tests.test_safari_cors_and_distance_edges" name="test_max_distance_km_zero_falls_back" time="0.215" /><testcase classname="tests.test_safari_cors_and_distance_edges" name="test_distance_filter_combined_with_gender_filter" time="0.218" /><testcase classname="tests.test_safari_cors_and_distance_edges" name="test_multiple_sequential_distance_requests_consistent" time="0.303" /><testcase classname="tests.test_safari_cors_and_distance_edges" name="test_discover_without_distance_still_works" time="0.099" /><testcase classname="tests.test_safari_cors_and_distance_edges" name="test_accepted_and_likes_received_count" time="0.192" /><testcase classname="tests.test_location_filter" name="test_save_and_clear_location" time="0.507" /><testcase classname="tests.test_location_filter" name="test_invalid_coords_rejected" time="0.094" /><testcase classname="tests.test_location_filter" name="test_distance_filter_returns_distance_km_and_orders_nearest_first" time="0.537" /><testcase classname="tests.test_location_filter" name="test_distance_filter_falls_back_when_user_has_no_location" time="0.506" /><testcase classname="tests.test_location_filter" name="test_distance_filter_requires_auth" time="0.098" /></testsuite></testsuites>