<?xml version="1.0" encoding="utf-8"?><testsuites name="pytest tests"><testsuite name="pytest" errors="0" failures="3" skipped="0" tests="5" time="2.683" timestamp="2026-08-18T12:20:36.275386+00:00" hostname="agent-env-5df512bc-8654-478c-9ecc-e242d3916679"><testcase classname="tests.backend_test" name="test_student_login_sets_secure_httponly_cookie" time="0.533" /><testcase classname="tests.backend_test" name="test_password_hash_is_bcrypt" time="0.005" /><testcase classname="tests.backend_test" name="test_admin_login_sets_secure_httponly_cookie" time="0.602"><failure message="AssertionError: assert 'session_token=' in '__cf_bm=5nnsyb5r5qugzfxlmemxbsw_2rgwaf4mq1skcnihl4y-1787055637.0627935-1.0.1.1-sa1cizi9ga.ks61koorei4n3eqkscmmnqb7pnxqyyduupkvrkshvk9hijzkndg2en7dclcuz3k4vk4c37m2dcvsfk.0g5xy9vi8m5.ffinz7pqnadyhtiq3fpe.d7qed; httponly; samesite=none; secure; path=/; domain=preview.emergentagent.com; expires=tue, 18 aug 2026 12:50:37 gmt'">tests/backend_test.py:280: in test_admin_login_sets_secure_httponly_cookie
    assert "session_token=" in cookie
E   AssertionError: assert 'session_token=' in '__cf_bm=5nnsyb5r5qugzfxlmemxbsw_2rgwaf4mq1skcnihl4y-1787055637.0627935-1.0.1.1-sa1cizi9ga.ks61koorei4n3eqkscmmnqb7pnxqyyduupkvrkshvk9hijzkndg2en7dclcuz3k4vk4c37m2dcvsfk.0g5xy9vi8m5.ffinz7pqnadyhtiq3fpe.d7qed; httponly; samesite=none; secure; path=/; domain=preview.emergentagent.com; expires=tue, 18 aug 2026 12:50:37 gmt'</failure></testcase><testcase classname="tests.backend_test" name="test_cors_uses_explicit_allowed_origin" time="0.373"><failure message="AssertionError: assert '*' == 'https://revi...gentagent.com'&#10;  &#10;  - https://review-extractor-2.preview.emergentagent.com&#10;  + *">tests/backend_test.py:292: in test_cors_uses_explicit_allowed_origin
    assert response.headers.get("access-control-allow-origin") == BASE_URL
E   AssertionError: assert '*' == 'https://revi...gentagent.com'
E     
E     - https://review-extractor-2.preview.emergentagent.com
E     + *</failure></testcase><testcase classname="tests.backend_test" name="test_bruteforce_lockout_after_five_failures" time="0.970"><failure message="AssertionError: Expected lockout after 5 failures, got statuses [401, 401, 401, 401, 401, 401]&#10;assert 401 == 429">tests/backend_test.py:302: in test_bruteforce_lockout_after_five_failures
    assert statuses[5] == 429, f"Expected lockout after 5 failures, got statuses {statuses}"
E   AssertionError: Expected lockout after 5 failures, got statuses [401, 401, 401, 401, 401, 401]
E   assert 401 == 429</failure></testcase></testsuite></testsuites>