<?xml version="1.0" encoding="utf-8"?><testsuites name="pytest tests"><testsuite name="pytest" errors="0" failures="0" skipped="0" tests="24" time="7.329" timestamp="2026-05-13T10:57:51.452023+00:00" hostname="agent-env-5df512bc-8654-478c-9ecc-e242d3916679"><testcase classname="backend.tests.test_reports_support.TestAuthSanity" name="test_emma_auth_me" time="0.244" /><testcase classname="backend.tests.test_reports_support.TestAuthSanity" name="test_no_auth_blocks_reports" time="0.110" /><testcase classname="backend.tests.test_reports_support.TestReports" name="test_create_report_success" time="0.109" /><testcase classname="backend.tests.test_reports_support.TestReports" name="test_create_report_self_blocked" time="0.104" /><testcase classname="backend.tests.test_reports_support.TestReports" name="test_create_report_racism_blocked" time="0.100" /><testcase classname="backend.tests.test_reports_support.TestReports" name="test_create_report_duplicate_blocked" time="0.108" /><testcase classname="backend.tests.test_reports_support.TestReports" name="test_get_my_reports" time="0.095" /><testcase classname="backend.tests.test_reports_support.TestReports" name="test_admin_reports_list" time="0.222" /><testcase classname="backend.tests.test_reports_support.TestLanguageFilter" name="test_profile_bio_racism_blocked" time="0.131" /><testcase classname="backend.tests.test_reports_support.TestLanguageFilter" name="test_profile_bio_clean_passes" time="0.112" /><testcase classname="backend.tests.test_reports_support.TestLanguageFilter" name="test_swipe_comment_profanity_blocked" time="0.099" /><testcase classname="backend.tests.test_reports_support.TestLanguageFilter" name="test_swipe_comment_racism_blocked" time="0.102" /><testcase classname="backend.tests.test_reports_support.TestSupport" name="test_send_message_success" time="1.584" /><testcase classname="backend.tests.test_reports_support.TestSupport" name="test_send_message_empty_blocked" time="0.105" /><testcase classname="backend.tests.test_reports_support.TestSupport" name="test_send_message_profanity_blocked" time="0.102" /><testcase classname="backend.tests.test_reports_support.TestSupport" name="test_send_message_racism_blocked" time="0.100" /><testcase classname="backend.tests.test_reports_support.TestSupport" name="test_send_message_safeguarding" time="2.891" /><testcase classname="backend.tests.test_reports_support.TestSupport" name="test_get_my_messages" time="0.138" /><testcase classname="backend.tests.test_reports_support.TestSupport" name="test_admin_list_conversations" time="0.132" /><testcase classname="backend.tests.test_reports_support.TestSupport" name="test_admin_get_messages" time="0.106" /><testcase classname="backend.tests.test_reports_support.TestSupport" name="test_admin_reply_success" time="0.237" /><testcase classname="backend.tests.test_reports_support.TestSupport" name="test_admin_reply_racism_blocked" time="0.107" /><testcase classname="backend.tests.test_reports_support.TestRegression" name="test_matches_discover" time="0.117" /><testcase classname="backend.tests.test_reports_support.TestRegression" name="test_swipe_clean_comment" time="0.104" /></testsuite></testsuites>