<?xml version="1.0" encoding="utf-8"?><testsuites name="pytest tests"><testsuite name="pytest" errors="0" failures="2" skipped="0" tests="12" time="6.167" timestamp="2026-08-14T19:59:13.259229+00:00" hostname="agent-env-5df512bc-8654-478c-9ecc-e242d3916679"><testcase classname="tests.backend_test" name="test_low_mood_creates_identified_alert" time="1.946" /><testcase classname="tests.backend_test" name="test_normal_mood_does_not_create_low_mood_alert" time="1.250" /><testcase classname="tests.backend_test" name="test_low_feedback_creates_anonymous_alert" time="0.203" /><testcase classname="tests.backend_test" name="test_normal_feedback_does_not_create_low_rating_alert" time="0.059" /><testcase classname="tests.backend_test" name="test_acknowledge_new_alerts" time="0.297" /><testcase classname="tests.backend_test" name="test_growth_analytics_shape" time="0.144" /><testcase classname="tests.backend_test" name="test_feedback_export_unfiltered_and_filtered" time="0.241" /><testcase classname="tests.backend_test" name="test_student_mood_and_feedback_histories" time="0.128" /><testcase classname="tests.backend_test" name="test_student_login_sets_secure_httponly_cookie" time="0.338" /><testcase classname="tests.backend_test" name="test_password_hash_is_bcrypt" time="0.001" /><testcase classname="tests.backend_test" name="test_cors_uses_explicit_allowed_origin" time="0.373"><failure message="AssertionError: assert '*' == 'https://revi...gentagent.com'&#10;  &#10;  - https://review-extractor-2.preview.emergentagent.com&#10;  + *">tests/backend_test.py:283: in test_cors_uses_explicit_allowed_origin
    assert response.headers.get("access-control-allow-origin") == BASE_URL
E   AssertionError: assert '*' == 'https://revi...gentagent.com'
E     
E     - https://review-extractor-2.preview.emergentagent.com
E     + *</failure></testcase><testcase classname="tests.backend_test" name="test_bruteforce_lockout_after_five_failures" time="0.994"><failure message="AssertionError: Expected lockout after 5 failures, got statuses [401, 401, 401, 401, 401, 401]&#10;assert 401 == 429">tests/backend_test.py:293: in test_bruteforce_lockout_after_five_failures
    assert statuses[5] == 429, f"Expected lockout after 5 failures, got statuses {statuses}"
E   AssertionError: Expected lockout after 5 failures, got statuses [401, 401, 401, 401, 401, 401]
E   assert 401 == 429</failure></testcase></testsuite></testsuites>