<?xml version="1.0" encoding="utf-8"?><testsuites name="pytest tests"><testsuite name="pytest" errors="0" failures="0" skipped="0" tests="19" time="7.839" timestamp="2026-07-15T11:46:16.884578+00:00" hostname="agent-env-5df512bc-8654-478c-9ecc-e242d3916679"><testcase classname="tests.test_security_hardening" name="test_discover_does_not_leak_pii" time="0.238" /><testcase classname="tests.test_security_hardening" name="test_accepted_matches_do_not_leak_pii" time="0.231" /><testcase classname="tests.test_security_hardening" name="test_likes_received_does_not_leak_pii" time="0.230" /><testcase classname="tests.test_security_hardening" name="test_login_response_never_returns_password_hash" time="0.226" /><testcase classname="tests.test_security_hardening" name="test_lazy_migration_login_still_works_after_second_call" time="0.452" /><testcase classname="tests.test_security_hardening" name="test_query_string_token_rejected_on_non_download_endpoint" time="0.234" /><testcase classname="tests.test_security_hardening" name="test_language_filter_blocks_slur_in_chat" time="0.229" /><testcase classname="tests.test_security_hardening" name="test_security_headers_present_on_json_endpoint" time="0.002" /><testcase classname="tests.test_security_hardening" name="test_hsts_header_present" time="0.002" /><testcase classname="tests.test_security_hardening" name="test_cors_response_does_not_include_credentials_true" time="0.226" /><testcase classname="tests.test_security_hardening" name="test_admin_analytics_student_does_not_leak_pii" time="0.470" /><testcase classname="tests.test_security_hardening" name="test_distance_km_is_integer_kilometres" time="0.237" /><testcase classname="tests.test_security_hardening" name="test_sec001_admin_login_with_env_seeded_password" time="0.449" /><testcase classname="tests.test_security_hardening" name="test_admin_users_endpoint_does_not_leak_hashes" time="0.512" /><testcase classname="tests.test_security_hardening" name="test_admin_pending_verifications_does_not_leak_hashes" time="0.452" /><testcase classname="tests.test_security_hardening" name="test_admin_university_admins_does_not_leak_hashes" time="0.452" /><testcase classname="tests.test_security_hardening" name="test_admin_analytics_student_does_not_leak_hashes" time="0.468" /><testcase classname="tests.test_security_hardening" name="test_admin_ai_risk_analysis_does_not_leak_hashes" time="2.205" /><testcase classname="tests.test_security_hardening" name="test_sec004_csv_export_still_accepts_query_string_token" time="0.458" /></testsuite></testsuites>