<?xml version="1.0" encoding="utf-8"?><testsuites name="pytest tests"><testsuite name="pytest" errors="0" failures="1" skipped="0" tests="18" time="11.188" timestamp="2026-07-15T11:43:00.857408+00:00" hostname="agent-env-5df512bc-8654-478c-9ecc-e242d3916679"><testcase classname="tests.test_security_hardening" name="test_discover_does_not_leak_pii" time="0.562" /><testcase classname="tests.test_security_hardening" name="test_accepted_matches_do_not_leak_pii" time="0.442" /><testcase classname="tests.test_security_hardening" name="test_likes_received_does_not_leak_pii" time="0.448" /><testcase classname="tests.test_security_hardening" name="test_login_response_never_returns_password_hash" time="0.323" /><testcase classname="tests.test_security_hardening" name="test_lazy_migration_login_still_works_after_second_call" time="0.636" /><testcase classname="tests.test_security_hardening" name="test_query_string_token_rejected_on_non_download_endpoint" time="0.511" /><testcase classname="tests.test_security_hardening" name="test_language_filter_blocks_slur_in_chat" time="0.432" /><testcase classname="tests.test_security_hardening" name="test_security_headers_present_on_json_endpoint" time="0.095" /><testcase classname="tests.test_security_hardening" name="test_hsts_header_present" time="0.096" /><testcase classname="tests.test_security_hardening" name="test_cors_response_does_not_include_credentials_true" time="0.320" /><testcase classname="tests.test_security_hardening" name="test_distance_km_is_integer_kilometres" time="0.523" /><testcase classname="tests.test_security_hardening" name="test_sec001_admin_login_with_env_seeded_password" time="0.536" /><testcase classname="tests.test_security_hardening" name="test_admin_users_endpoint_does_not_leak_hashes" time="0.720" /><testcase classname="tests.test_security_hardening" name="test_admin_pending_verifications_does_not_leak_hashes" time="0.636" /><testcase classname="tests.test_security_hardening" name="test_admin_university_admins_does_not_leak_hashes" time="0.665" /><testcase classname="tests.test_security_hardening" name="test_admin_analytics_student_does_not_leak_hashes" time="0.825"><failure message="AssertionError: /admin/analytics/student/{id} leaked ['password_hash'] — must strip these just like /admin/users does (SEC-002 defense-in-depth)&#10;assert not ['password_hash']">tests/test_security_hardening.py:362: in test_admin_analytics_student_does_not_leak_hashes
    assert not leaks, (
E   AssertionError: /admin/analytics/student/{id} leaked ['password_hash'] — must strip these just like /admin/users does (SEC-002 defense-in-depth)
E   assert not ['password_hash']</failure></testcase><testcase classname="tests.test_security_hardening" name="test_admin_ai_risk_analysis_does_not_leak_hashes" time="2.555" /><testcase classname="tests.test_security_hardening" name="test_sec004_csv_export_still_accepts_query_string_token" time="0.749" /></testsuite></testsuites>