<?xml version="1.0" encoding="utf-8"?><testsuites name="pytest tests"><testsuite name="pytest" errors="0" failures="0" skipped="0" tests="5" time="5.033" timestamp="2026-08-18T12:24:53.967816+00:00" hostname="agent-env-5df512bc-8654-478c-9ecc-e242d3916679"><testcase classname="backend.tests.test_matching_features" name="test_normal_like_increments_weekly_counter_and_status" time="3.534" /><testcase classname="backend.tests.test_matching_features" name="test_non_reciprocal_like_at_weekly_limit_is_structured_403" time="0.173" /><testcase classname="backend.tests.test_matching_features" name="test_reciprocal_like_under_limit_reports_unchanged_budget" time="0.531" /><testcase classname="backend.tests.test_matching_features" name="test_dislike_at_weekly_limit_succeeds_without_increment" time="0.160" /><testcase classname="backend.tests.test_matching_features" name="test_reciprocal_like_at_limit_creates_mutual_match_without_increment" time="0.491" /></testsuite></testsuites>