<?xml version="1.0" encoding="utf-8"?><testsuites name="pytest tests"><testsuite name="pytest" errors="0" failures="0" skipped="0" tests="5" time="1.602" timestamp="2026-07-15T11:09:35.148943+00:00" hostname="agent-env-5df512bc-8654-478c-9ecc-e242d3916679"><testcase classname="tests.test_location_filter" name="test_save_and_clear_location" time="0.701" /><testcase classname="tests.test_location_filter" name="test_invalid_coords_rejected" time="0.099" /><testcase classname="tests.test_location_filter" name="test_distance_filter_returns_distance_km_and_orders_nearest_first" time="0.197" /><testcase classname="tests.test_location_filter" name="test_distance_filter_falls_back_when_user_has_no_location" time="0.451" /><testcase classname="tests.test_location_filter" name="test_distance_filter_requires_auth" time="0.094" /></testsuite></testsuites>