<?xml version="1.0" encoding="utf-8"?><testsuites name="pytest tests"><testsuite name="pytest" errors="0" failures="0" skipped="0" tests="6" time="1.814" timestamp="2026-04-13T09:16:25.550894+00:00" hostname="agent-env-be6761e5-9715-410b-bfe7-a0302e3b224c"><testcase classname="backend.tests.test_logout_and_wellbeing.TestHealthAndBasics" name="test_health_endpoint" time="0.133" /><testcase classname="backend.tests.test_logout_and_wellbeing.TestSuperAdminLogout" name="test_super_admin_full_logout_flow" time="0.438" /><testcase classname="backend.tests.test_logout_and_wellbeing.TestUniversityAdminLogout" name="test_university_admin_full_logout_flow" time="0.452" /><testcase classname="backend.tests.test_logout_and_wellbeing.TestWellbeingResources" name="test_wellbeing_resources_endpoint" time="0.103" /><testcase classname="backend.tests.test_logout_and_wellbeing.TestAdminStatsStillWork" name="test_admin_stats_endpoint" time="0.311" /><testcase classname="backend.tests.test_logout_and_wellbeing.TestAdminStatsStillWork" name="test_university_admin_stats_endpoint" time="0.316" /></testsuite></testsuites>