<?xml version="1.0" encoding="utf-8"?><testsuites name="pytest tests"><testsuite name="pytest" errors="0" failures="0" skipped="0" tests="16" time="78.921" timestamp="2026-06-16T10:16:47.337838+00:00" hostname="agent-env-5df512bc-8654-478c-9ecc-e242d3916679"><testcase classname="backend.tests.test_password_reset.TestStudentResetFlow" name="test_forgot_password_creates_student_reset_record" time="1.443" /><testcase classname="backend.tests.test_password_reset.TestStudentResetFlow" name="test_verify_reset_token_valid" time="0.047" /><testcase classname="backend.tests.test_password_reset.TestStudentResetFlow" name="test_verify_reset_token_invalid_returns_400" time="0.046" /><testcase classname="backend.tests.test_password_reset.TestStudentResetFlow" name="test_reset_password_short_returns_400" time="0.050" /><testcase classname="backend.tests.test_password_reset.TestStudentResetFlow" name="test_reset_password_updates_password_hash_not_admin_password" time="0.047" /><testcase classname="backend.tests.test_password_reset.TestStudentResetFlow" name="test_email_login_works_with_new_password" time="0.047" /><testcase classname="backend.tests.test_password_reset.TestStudentResetFlow" name="test_email_login_old_password_rejected" time="0.045" /><testcase classname="backend.tests.test_password_reset.TestStudentResetFlow" name="test_reset_token_cannot_be_reused" time="0.046" /><testcase classname="backend.tests.test_password_reset.TestForgotPasswordEnumeration" name="test_non_existent_email_returns_generic_message" time="0.046" /><testcase classname="backend.tests.test_password_reset.TestForgotPasswordEnumeration" name="test_google_only_user_returns_generic_message_and_no_record" time="0.047" /><testcase classname="backend.tests.test_password_reset.TestForgotPasswordEnumeration" name="test_existing_student_returns_same_generic_message" time="2.772" /><testcase classname="backend.tests.test_password_reset.TestAdminResetRegression" name="test_admin_forgot_password_creates_admin_role_record" time="2.563" /><testcase classname="backend.tests.test_password_reset.TestAdminResetRegression" name="test_admin_reset_password_updates_admin_password_field" time="0.047" /><testcase classname="backend.tests.test_password_reset.TestAdminResetRegression" name="test_admin_login_succeeds_with_new_password" time="0.048" /><testcase classname="backend.tests.test_password_reset.TestAdminResetRegression" name="test_admin_login_old_password_rejected" time="71.379" /><testcase classname="backend.tests.test_password_reset.TestAdminResetRegression" name="test_restore_admin_password_via_admin_code" time="0.097" /></testsuite></testsuites>