<?xml version="1.0" encoding="utf-8"?><testsuites name="pytest tests"><testsuite name="pytest" errors="0" failures="0" skipped="0" tests="17" time="3.001" timestamp="2026-04-13T08:06:14.403674+00:00" hostname="agent-env-be6761e5-9715-410b-bfe7-a0302e3b224c"><testcase classname="tests.test_refactored_backend.TestCoreRoutes" name="test_root_endpoint" time="0.167" /><testcase classname="tests.test_refactored_backend.TestCoreRoutes" name="test_health_endpoint" time="0.141" /><testcase classname="tests.test_refactored_backend.TestCoreRoutes" name="test_download_presentation" time="0.122" /><testcase classname="tests.test_refactored_backend.TestAdminAuth" name="test_admin_login_success" time="0.108" /><testcase classname="tests.test_refactored_backend.TestAdminAuth" name="test_admin_login_invalid_credentials" time="0.098" /><testcase classname="tests.test_refactored_backend.TestUniversityAdminAuth" name="test_university_admin_login_success" time="0.111" /><testcase classname="tests.test_refactored_backend.TestUniversityAdminAuth" name="test_university_admin_login_invalid_credentials" time="0.113" /><testcase classname="tests.test_refactored_backend.TestAdminEndpoints" name="test_admin_stats" time="0.212" /><testcase classname="tests.test_refactored_backend.TestAdminEndpoints" name="test_admin_stats_requires_auth" time="0.208" /><testcase classname="tests.test_refactored_backend.TestAdminEndpoints" name="test_admin_users" time="0.202" /><testcase classname="tests.test_refactored_backend.TestAdminEndpoints" name="test_admin_safeguarding_alerts" time="0.213" /><testcase classname="tests.test_refactored_backend.TestAdminEndpoints" name="test_admin_universities" time="0.209" /><testcase classname="tests.test_refactored_backend.TestUniversityAdminEndpoints" name="test_university_admin_stats" time="0.236" /><testcase classname="tests.test_refactored_backend.TestUniversityAdminEndpoints" name="test_university_admin_stats_requires_auth" time="0.208" /><testcase classname="tests.test_refactored_backend.TestUniversityAdminEndpoints" name="test_university_admin_students" time="0.210" /><testcase classname="tests.test_refactored_backend.TestUniversityAdminEndpoints" name="test_university_admin_students_requires_auth" time="0.217" /><testcase classname="tests.test_refactored_backend.TestSubscriptionEndpoints" name="test_subscription_status_requires_auth" time="0.108" /></testsuite></testsuites>