<?xml version="1.0" encoding="utf-8"?><testsuites name="pytest tests"><testsuite name="pytest" errors="0" failures="0" skipped="0" tests="9" time="3.421" timestamp="2026-03-04T10:51:21.456553+00:00" hostname="agent-env-843a3a6b-80b4-419a-94e5-c751151427c6"><testcase classname="backend.tests.test_university_admin.TestUniversityPricing" name="test_get_pricing_returns_correct_structure" time="0.254" /><testcase classname="backend.tests.test_university_admin.TestUniversitySubscribe" name="test_subscribe_creates_checkout_session" time="1.201" /><testcase classname="backend.tests.test_university_admin.TestUniversitySubscribe" name="test_subscribe_rejects_duplicate_university" time="0.860" /><testcase classname="backend.tests.test_university_admin.TestUniversityAdminLogin" name="test_login_with_valid_credentials" time="0.105" /><testcase classname="backend.tests.test_university_admin.TestUniversityAdminLogin" name="test_login_with_invalid_credentials" time="0.142" /><testcase classname="backend.tests.test_university_admin.TestUniversityAdminStats" name="test_stats_returns_university_data" time="0.250" /><testcase classname="backend.tests.test_university_admin.TestUniversityAdminStats" name="test_stats_requires_authentication" time="0.132" /><testcase classname="backend.tests.test_university_admin.TestUniversityAdminStudents" name="test_students_returns_list" time="0.216" /><testcase classname="backend.tests.test_university_admin.TestUniversityAdminStudents" name="test_students_requires_authentication" time="0.146" /></testsuite></testsuites>